{
  "stats": {
    "suites": 1,
    "tests": 4,
    "passes": 4,
    "pending": 0,
    "failures": 0,
    "start": "2024-08-20T12:27:25.204Z",
    "end": "2024-08-20T12:27:27.333Z",
    "duration": 2129,
    "testsRegistered": 4,
    "passPercent": 100,
    "pendingPercent": 0,
    "other": 0,
    "hasOther": false,
    "skipped": 0,
    "hasSkipped": false
  },
  "results": [
    {
      "uuid": "ef299909-c5ae-4e0b-93e7-48c37d6e2bd9",
      "title": "",
      "fullFile": "/home/js/reqres-api-test/test/reqresApiTest.mjs",
      "file": "/test/reqresApiTest.mjs",
      "beforeHooks": [],
      "afterHooks": [],
      "tests": [],
      "suites": [
        {
          "uuid": "a5649c39-d897-4db6-86e6-13ebed629184",
          "title": "Tes API ReqRes",
          "fullFile": "/home/js/reqres-api-test/test/reqresApiTest.mjs",
          "file": "/test/reqresApiTest.mjs",
          "beforeHooks": [],
          "afterHooks": [],
          "tests": [
            {
              "title": "harus GET daftar pengguna",
              "fullTitle": "Tes API ReqRes harus GET daftar pengguna",
              "timedOut": false,
              "duration": 573,
              "state": "passed",
              "speed": "slow",
              "pass": true,
              "fail": false,
              "pending": false,
              "context": null,
              "code": "chai.request(baseUrl)\n  .get('/users?page=1')\n  .end(function(err, res) {\n    expect(res).to.have.status(200);\n    expect(res.body.data).to.be.an('array').that.is.not.empty;\n    expect(res.body.data[0]).to.be.jsonSchema(userSchema);\n    done();\n  });",
              "err": {},
              "uuid": "34916824-7045-4299-9343-32055c017c8a",
              "parentUUID": "a5649c39-d897-4db6-86e6-13ebed629184",
              "isHook": false,
              "skipped": false
            },
            {
              "title": "harus POST pengguna baru",
              "fullTitle": "Tes API ReqRes harus POST pengguna baru",
              "timedOut": false,
              "duration": 502,
              "state": "passed",
              "speed": "slow",
              "pass": true,
              "fail": false,
              "pending": false,
              "context": null,
              "code": "chai.request(baseUrl)\n  .post('/users')\n  .send({\n    name: 'John Doe',\n    job: 'Software Engineer'\n  })\n  .end(function(err, res) {\n    expect(res).to.have.status(201);\n    expect(res.body).to.have.property('name').eql('John Doe');\n    expect(res.body).to.have.property('job').eql('Software Engineer');\n    done();\n  });",
              "err": {},
              "uuid": "1759e25f-4b18-4109-990b-499d95316c01",
              "parentUUID": "a5649c39-d897-4db6-86e6-13ebed629184",
              "isHook": false,
              "skipped": false
            },
            {
              "title": "harus DELETE pengguna",
              "fullTitle": "Tes API ReqRes harus DELETE pengguna",
              "timedOut": false,
              "duration": 519,
              "state": "passed",
              "speed": "slow",
              "pass": true,
              "fail": false,
              "pending": false,
              "context": null,
              "code": "chai.request(baseUrl)\n  .delete('/users/2')\n  .end(function(err, res) {\n    expect(res).to.have.status(204);\n    done();\n  });",
              "err": {},
              "uuid": "2e6e7a52-52d1-4bd0-a781-9121e51cb660",
              "parentUUID": "a5649c39-d897-4db6-86e6-13ebed629184",
              "isHook": false,
              "skipped": false
            },
            {
              "title": "harus PUT memperbarui pengguna",
              "fullTitle": "Tes API ReqRes harus PUT memperbarui pengguna",
              "timedOut": false,
              "duration": 527,
              "state": "passed",
              "speed": "slow",
              "pass": true,
              "fail": false,
              "pending": false,
              "context": null,
              "code": "chai.request(baseUrl)\n  .put('/users/2')\n  .send({\n    name: 'Jane Doe',\n    job: 'Manager'\n  })\n  .end(function(err, res) {\n    expect(res).to.have.status(200);\n    expect(res.body).to.have.property('name').eql('Jane Doe');\n    expect(res.body).to.have.property('job').eql('Manager');\n    done();\n  });",
              "err": {},
              "uuid": "4d3d172f-88de-4f0c-86c6-ec7795d2180f",
              "parentUUID": "a5649c39-d897-4db6-86e6-13ebed629184",
              "isHook": false,
              "skipped": false
            }
          ],
          "suites": [],
          "passes": [
            "34916824-7045-4299-9343-32055c017c8a",
            "1759e25f-4b18-4109-990b-499d95316c01",
            "2e6e7a52-52d1-4bd0-a781-9121e51cb660",
            "4d3d172f-88de-4f0c-86c6-ec7795d2180f"
          ],
          "failures": [],
          "pending": [],
          "skipped": [],
          "duration": 2121,
          "root": false,
          "rootEmpty": false,
          "_timeout": 2000
        }
      ],
      "passes": [],
      "failures": [],
      "pending": [],
      "skipped": [],
      "duration": 0,
      "root": true,
      "rootEmpty": true,
      "_timeout": 2000
    }
  ],
  "meta": {
    "mocha": {
      "version": "10.7.3"
    },
    "mochawesome": {
      "options": {
        "quiet": false,
        "reportFilename": "mochawesome",
        "saveHtml": true,
        "saveJson": true,
        "consoleReporter": "spec",
        "useInlineDiffs": false,
        "code": true
      },
      "version": "7.1.3"
    },
    "marge": {
      "options": null,
      "version": "6.2.0"
    }
  }
}